The system is: Linux - 5.15.0-72-generic - x86_64
Compiling the C compiler identification source file "CMakeCCompilerId.c" succeeded.
Compiler: /usr/bin/i686-w64-mingw32-gcc 
Build flags: 
Id flags:  

The output was:
0


Compilation of the C compiler identification source "CMakeCCompilerId.c" produced "a.exe"

The C compiler identification is GNU, found in "/home/delta/CLionProjects/WindowsCryptical/cmake-build-release/CMakeFiles/3.25.2/CompilerIdC/a.exe"

Compiling the CXX compiler identification source file "CMakeCXXCompilerId.cpp" succeeded.
Compiler: /usr/bin/i686-w64-mingw32-g++ 
Build flags: 
Id flags:  

The output was:
0


Compilation of the CXX compiler identification source "CMakeCXXCompilerId.cpp" produced "a.exe"

The CXX compiler identification is GNU, found in "/home/delta/CLionProjects/WindowsCryptical/cmake-build-release/CMakeFiles/3.25.2/CompilerIdCXX/a.exe"

Determining if the C compiler works passed with the following output:
Change Dir: /home/delta/CLionProjects/WindowsCryptical/cmake-build-release/CMakeFiles/CMakeScratch/TryCompile-pWjcVq

Run Build Command(s):/home/delta/.local/share/JetBrains/Toolbox/apps/CLion/ch-0/231.9011.31/bin/ninja/linux/x64/ninja cmTC_878f7 && [1/2] Building C object CMakeFiles/cmTC_878f7.dir/testCCompiler.c.o
[2/2] Linking C executable cmTC_878f7



Determining if the C++ compiler works passed with the following output:
Change Dir: /home/delta/CLionProjects/WindowsCryptical/cmake-build-release/CMakeFiles/CMakeScratch/TryCompile-MF6IKm

Run Build Command(s):/home/delta/.local/share/JetBrains/Toolbox/apps/CLion/ch-0/231.9011.31/bin/ninja/linux/x64/ninja cmTC_7ecab && [1/2] Building CXX object CMakeFiles/cmTC_7ecab.dir/testCXXCompiler.cxx.o
[2/2] Linking CXX executable cmTC_7ecab



